Lockfile is up to date, resolution step is skipped
Progress: resolved 1, reused 0, downloaded 0, added 0
Packages: +725
++++++++++++++++++++++++++++++++++++++++++++++++++++++++++++++++++++++++++++++++

   ╭──────────────────────────────────────────╮
   │                                          │
   │   Update available! 10.28.0 → 10.29.1.   │
   │   Changelog: https://pnpm.io/v/10.29.1   │
   │     To update, run: pnpm add -g pnpm     │
   │                                          │
   ╰──────────────────────────────────────────╯

Progress: resolved 725, reused 0, downloaded 12, added 0
Progress: resolved 725, reused 0, downloaded 97, added 53
Progress: resolved 725, reused 0, downloaded 183, added 177
Progress: resolved 725, reused 0, downloaded 214, added 193
Progress: resolved 725, reused 0, downloaded 223, added 196
Progress: resolved 725, reused 0, downloaded 225, added 196
Progress: resolved 725, reused 0, downloaded 236, added 200
Progress: resolved 725, reused 0, downloaded 237, added 200
Progress: resolved 725, reused 0, downloaded 337, added 242
Progress: resolved 725, reused 0, downloaded 504, added 415
Progress: resolved 725, reused 0, downloaded 725, added 725, done
 WARN  Failed to create bin at /app/node_modules/.pnpm/supabase@2.75.0/node_modules/supabase/node_modules/.bin/supabase. ENOENT: no such file or directory, open '/app/node_modules/.pnpm/supabase@2.75.0/node_modules/supabase/bin/supabase'
 WARN  Failed to create bin at /app/node_modules/.bin/supabase. ENOENT: no such file or directory, open '/app/node_modules/.pnpm/supabase@2.75.0/node_modules/supabase/bin/supabase'

dependencies:
+ @hookform/resolvers 5.2.2
+ @paddle/paddle-js 1.6.2
+ @paddle/paddle-node-sdk 3.5.0
+ @radix-ui/react-dialog 1.1.15
+ @radix-ui/react-label 2.1.8
+ @radix-ui/react-slot 1.2.4
+ @react-pdf/renderer 4.3.2
+ @supabase/auth-ui-react 0.4.7
+ @supabase/auth-ui-shared 0.1.8
+ @supabase/ssr 0.8.0
+ @supabase/supabase-js 2.93.3
+ chromium 3.0.3
+ class-variance-authority 0.7.1
+ clsx 2.1.1
+ framer-motion 12.30.0
+ lucide-react 0.562.0
+ next 16.1.3
+ playwright-core 1.58.1
+ react 19.2.3
+ react-dom 19.2.3
+ react-hook-form 7.71.1
+ recharts 3.7.0
+ resend 6.9.1
+ tailwind-merge 3.4.0
+ vanilla-cookieconsent 3.1.0
+ zod 4.3.6

devDependencies:
+ @eslint/eslintrc 3.3.3
+ @eslint/js 9.39.2
+ @playwright/test 1.58.1
+ @tailwindcss/postcss 4.1.18
+ @testing-library/jest-dom 6.9.1
+ @testing-library/react 16.3.2
+ @types/node 20.19.30
+ @types/react 19.2.10
+ @types/react-dom 19.2.3
+ @vitejs/plugin-react 5.1.3
+ @vitejs/plugin-react-swc 4.2.3
+ babel-plugin-react-compiler 1.0.0
+ dotenv 17.2.3
+ eslint 8.57.1
+ eslint-config-next 15.5.11
+ jsdom 27.4.0
+ supabase 2.75.0
+ tailwindcss 4.1.18
+ typescript 5.9.3
+ vitest 4.0.18
+ vitest-fetch-mock 0.4.5

 WARN  Failed to create bin at /app/node_modules/.bin/supabase. ENOENT: no such file or directory, open '/app/node_modules/supabase/bin/supabase'
╭ Warning ─────────────────────────────────────────────────────────────────────╮
│                                                                              │
│   Ignored build scripts: @swc/core@1.15.11, chromium@3.0.3,                  │
│   esbuild@0.27.2, sharp@0.34.5, supabase@2.75.0, unrs-resolver@1.11.1.       │
│   Run "pnpm approve-builds" to pick which dependencies should be allowed     │
│   to run scripts.                                                            │
│                                                                              │
╰──────────────────────────────────────────────────────────────────────────────╯
Done in 14.8s using pnpm v10.28.0
